[2023-03-13 16:46:23,191] root - INFO - Exporting collection data as pandas dataframe
[2023-03-13 16:46:23,191] root - INFO - Reading data from database: INSURANCE and collection: INSURANCE_PROJECT
[2023-03-13 16:46:23,281] root - INFO - Found columns: Index(['_id', 'age', 'sex', 'bmi', 'children', 'smoker', 'region', 'expenses'], dtype='object')
[2023-03-13 16:46:23,281] root - INFO - Dropping column: _id 
[2023-03-13 16:46:23,283] root - INFO - Row and columns in df: (4014, 7)
[2023-03-13 16:46:23,283] root - INFO - Save data in feature store
[2023-03-13 16:46:23,284] root - INFO - Create feature store folder if not available
[2023-03-13 16:46:23,284] root - INFO - Save df to feature store folder
[2023-03-13 16:46:23,302] root - INFO - split dataset into train and test set
[2023-03-13 16:46:23,303] root - INFO - create dataset directory folder if not available
[2023-03-13 16:46:23,304] root - INFO - Save df to feature store folder
[2023-03-13 16:46:23,320] root - INFO - Data ingestion artifact: DataIngestionArtifact(feature_store_file_path='/config/workspace/artifact/03132023__164623/data_ingestion/feature_store/insurance.csv', train_file_path='/config/workspace/artifact/03132023__164623/data_ingestion/dataset/train.csv', test_file_path='/config/workspace/artifact/03132023__164623/data_ingestion/dataset/test.csv')
[2023-03-13 16:46:23,321] root - INFO - Reading base dataframe
[2023-03-13 16:46:23,326] root - INFO - Replace na value in base df
[2023-03-13 16:46:23,326] root - INFO - Drop null values colums from base df
[2023-03-13 16:46:23,328] root - INFO - selecting column name which contains null above to 0.2
[2023-03-13 16:46:23,328] root - INFO - Columns to drop: []
[2023-03-13 16:46:23,329] root - INFO - Reading train dataframe
[2023-03-13 16:46:23,334] root - INFO - Reading test dataframe
[2023-03-13 16:46:23,338] root - INFO - selecting column name which contains null above to 0.2
[2023-03-13 16:46:23,339] root - INFO - Columns to drop: []
[2023-03-13 16:46:23,341] root - INFO - selecting column name which contains null above to 0.2
[2023-03-13 16:46:23,341] root - INFO - Columns to drop: []
[2023-03-13 16:46:23,345] root - INFO - Is all required columns present in train df
[2023-03-13 16:46:23,345] root - INFO - Is all required columns present in test df
[2023-03-13 16:46:23,345] root - INFO - As all column are available in train df hence detecting data drift
[2023-03-13 16:46:23,367] root - INFO - As all column are available in test df hence detecting data drift
[2023-03-13 16:46:23,379] root - INFO - Write reprt in yaml file
[2023-03-13 16:46:23,383] root - INFO - Data validation artifact: DataValidationArtifact(report_file_path='/config/workspace/artifact/03132023__164623/data_validation/report.yaml')
[2023-03-13 16:46:23,408] root - INFO - Entered the save_object method of utils
[2023-03-13 16:46:23,410] root - INFO - Exited the save_object method of utils
[2023-03-13 16:46:23,410] root - INFO - Entered the save_object method of utils
[2023-03-13 16:46:23,410] root - INFO - Exited the save_object method of utils
[2023-03-13 16:46:23,410] root - INFO - >>>>>>>>>>>>>>>>>>>>>>>>>>>>>>>>>>>>>>>> Model Trainer <<<<<<<<<<<<<<<<<<<<<<<<<<<<<<<<<<<<<<<<
[2023-03-13 16:46:23,411] root - INFO - Loading train and test array.
[2023-03-13 16:46:23,415] root - INFO - Splitting input and target feature from both train and test arr.
[2023-03-13 16:46:23,415] root - INFO - Train the model
[2023-03-13 16:46:23,418] root - INFO - Calculating f1 train score
[2023-03-13 16:46:23,430] root - INFO - Calculating f1 test score
[2023-03-13 16:46:23,431] root - INFO - train score:0.7523911285938183 and tests score 0.7424702182005143
[2023-03-13 16:46:23,431] root - INFO - Checking if our model is underfitting or not
[2023-03-13 16:46:23,431] root - INFO - Checking if our model is overfiiting or not
[2023-03-13 16:46:23,432] root - INFO - Saving mode object
[2023-03-13 16:46:23,432] root - INFO - Entered the save_object method of utils
[2023-03-13 16:46:23,433] root - INFO - Exited the save_object method of utils
[2023-03-13 16:46:23,433] root - INFO - Prepare the artifact
[2023-03-13 16:46:23,434] root - INFO - Model trainer artifact: ModelTrainerArtifact(model_path='/config/workspace/artifact/03132023__164623/model_trainer/model/model.pkl', r2_train_score=0.7523911285938183, r2_test_score=0.7424702182005143)
[2023-03-13 16:46:23,434] root - INFO - >>>>>>>>>>>>>>>>>>>>>>>>>>>>>>>>>>>>>>>>  Model Evaluation <<<<<<<<<<<<<<<<<<<<<<<<<<<<<<<<<<<<<<<<
[2023-03-13 16:46:23,434] root - INFO - if saved model folder has model the we will compare which model is best trained or the model from saved model folder
[2023-03-13 16:46:23,434] root - INFO - Finding location of transformer model and target encoder
[2023-03-13 16:46:23,434] root - INFO - Previous trained objects of transformer, model and target encoder
[2023-03-13 16:46:23,435] root - INFO - Currently trained model objects
[2023-03-13 16:46:23,446] root - INFO - Accuracy using previous trained model: 0.7424702182005143
[2023-03-13 16:46:23,452] root - INFO - Accuracy using current trained model: 0.7424702182005143
[2023-03-13 16:46:23,452] root - INFO - Current trained model is not better than previous model
