[2023-03-13 17:02:58,948] root - INFO - Exporting collection data as pandas dataframe
[2023-03-13 17:02:58,948] root - INFO - Reading data from database: INSURANCE and collection: INSURANCE_PROJECT
[2023-03-13 17:02:59,040] root - INFO - Found columns: Index(['_id', 'age', 'sex', 'bmi', 'children', 'smoker', 'region', 'expenses'], dtype='object')
[2023-03-13 17:02:59,040] root - INFO - Dropping column: _id 
[2023-03-13 17:02:59,042] root - INFO - Row and columns in df: (4014, 7)
[2023-03-13 17:02:59,042] root - INFO - Save data in feature store
[2023-03-13 17:02:59,043] root - INFO - Create feature store folder if not available
[2023-03-13 17:02:59,043] root - INFO - Save df to feature store folder
[2023-03-13 17:02:59,062] root - INFO - split dataset into train and test set
[2023-03-13 17:02:59,064] root - INFO - create dataset directory folder if not available
[2023-03-13 17:02:59,064] root - INFO - Save df to feature store folder
[2023-03-13 17:02:59,083] root - INFO - Data ingestion artifact: DataIngestionArtifact(feature_store_file_path='/config/workspace/artifact/03132023__170258/data_ingestion/feature_store/insurance.csv', train_file_path='/config/workspace/artifact/03132023__170258/data_ingestion/dataset/train.csv', test_file_path='/config/workspace/artifact/03132023__170258/data_ingestion/dataset/test.csv')
[2023-03-13 17:02:59,084] root - INFO - >>>>>>>>>>>>>>>>>>>>>>>>>>>>>>>>>>>>>>>> Data Validation <<<<<<<<<<<<<<<<<<<<<<<<<<<<<<<<<<<<<<<<
[2023-03-13 17:02:59,084] root - INFO - Reading base dataframe
[2023-03-13 17:02:59,089] root - INFO - Replace na value in base df
[2023-03-13 17:02:59,089] root - INFO - Drop null values colums from base df
[2023-03-13 17:02:59,091] root - INFO - selecting column name which contains null above to 0.2
[2023-03-13 17:02:59,091] root - INFO - Columns to drop: []
[2023-03-13 17:02:59,092] root - INFO - Reading train dataframe
[2023-03-13 17:02:59,097] root - INFO - Reading test dataframe
[2023-03-13 17:02:59,100] root - INFO - Drop null values colums from train df
[2023-03-13 17:02:59,102] root - INFO - selecting column name which contains null above to 0.2
[2023-03-13 17:02:59,103] root - INFO - Columns to drop: []
[2023-03-13 17:02:59,103] root - INFO - Drop null values colums from test df
[2023-03-13 17:02:59,105] root - INFO - selecting column name which contains null above to 0.2
[2023-03-13 17:02:59,105] root - INFO - Columns to drop: []
[2023-03-13 17:02:59,109] root - INFO - Is all required columns present in train df
[2023-03-13 17:02:59,109] root - INFO - Is all required columns present in test df
[2023-03-13 17:02:59,110] root - INFO - As all column are available in train df hence detecting data drift
[2023-03-13 17:02:59,110] root - INFO - Hypothesis age: float64, float64 
[2023-03-13 17:02:59,111] root - INFO - Hypothesis sex: object, object 
[2023-03-13 17:02:59,116] root - INFO - Hypothesis bmi: float64, float64 
[2023-03-13 17:02:59,118] root - INFO - Hypothesis children: float64, float64 
[2023-03-13 17:02:59,119] root - INFO - Hypothesis smoker: object, object 
[2023-03-13 17:02:59,125] root - INFO - Hypothesis region: object, object 
[2023-03-13 17:02:59,132] root - INFO - Hypothesis expenses: float64, float64 
[2023-03-13 17:02:59,133] root - INFO - As all column are available in test df hence detecting data drift
[2023-03-13 17:02:59,133] root - INFO - Hypothesis age: float64, float64 
[2023-03-13 17:02:59,134] root - INFO - Hypothesis sex: object, object 
[2023-03-13 17:02:59,137] root - INFO - Hypothesis bmi: float64, float64 
[2023-03-13 17:02:59,138] root - INFO - Hypothesis children: float64, float64 
[2023-03-13 17:02:59,139] root - INFO - Hypothesis smoker: object, object 
[2023-03-13 17:02:59,141] root - INFO - Hypothesis region: object, object 
[2023-03-13 17:02:59,145] root - INFO - Hypothesis expenses: float64, float64 
[2023-03-13 17:02:59,146] root - INFO - Write reprt in yaml file
[2023-03-13 17:02:59,150] root - INFO - Data validation artifact: DataValidationArtifact(report_file_path='/config/workspace/artifact/03132023__170258/data_validation/report.yaml')
[2023-03-13 17:02:59,150] root - INFO - >>>>>>>>>>>>>>>>>>>>>>>>>>>>>>>>>>>>>>>> Data Transformation <<<<<<<<<<<<<<<<<<<<<<<<<<<<<<<<<<<<<<<<
[2023-03-13 17:02:59,175] root - INFO - Entered the save_object method of utils
[2023-03-13 17:02:59,176] root - INFO - Exited the save_object method of utils
[2023-03-13 17:02:59,176] root - INFO - Entered the save_object method of utils
[2023-03-13 17:02:59,177] root - INFO - Exited the save_object method of utils
[2023-03-13 17:02:59,177] root - INFO - Data transformation object DataTransformationArtifact(transform_object_path='/config/workspace/artifact/03132023__170258/data_transformation/transformer/transformer.pkl', transformed_train_path='/config/workspace/artifact/03132023__170258/data_transformation/transformed/train.npz', transformed_test_path='/config/workspace/artifact/03132023__170258/data_transformation/transformed/test.npz', target_encoder_path='/config/workspace/artifact/03132023__170258/data_transformation/target_encoder/target_encoder.pkl')
[2023-03-13 17:02:59,177] root - INFO - >>>>>>>>>>>>>>>>>>>>>>>>>>>>>>>>>>>>>>>> Model Trainer <<<<<<<<<<<<<<<<<<<<<<<<<<<<<<<<<<<<<<<<
[2023-03-13 17:02:59,177] root - INFO - Loading train and test array.
[2023-03-13 17:02:59,182] root - INFO - Splitting input and target feature from both train and test arr.
[2023-03-13 17:02:59,182] root - INFO - Train the model
[2023-03-13 17:02:59,185] root - INFO - Calculating f1 train score
[2023-03-13 17:02:59,197] root - INFO - Calculating f1 test score
[2023-03-13 17:02:59,198] root - INFO - train score:0.7536308415529296 and tests score 0.738842163585537
[2023-03-13 17:02:59,198] root - INFO - Checking if our model is underfitting or not
[2023-03-13 17:02:59,198] root - INFO - Checking if our model is overfiiting or not
[2023-03-13 17:02:59,199] root - INFO - Saving mode object
[2023-03-13 17:02:59,199] root - INFO - Entered the save_object method of utils
[2023-03-13 17:02:59,200] root - INFO - Exited the save_object method of utils
[2023-03-13 17:02:59,200] root - INFO - Prepare the artifact
[2023-03-13 17:02:59,201] root - INFO - Model trainer artifact: ModelTrainerArtifact(model_path='/config/workspace/artifact/03132023__170258/model_trainer/model/model.pkl', r2_train_score=0.7536308415529296, r2_test_score=0.738842163585537)
[2023-03-13 17:02:59,201] root - INFO - >>>>>>>>>>>>>>>>>>>>>>>>>>>>>>>>>>>>>>>>  Model Evaluation <<<<<<<<<<<<<<<<<<<<<<<<<<<<<<<<<<<<<<<<
[2023-03-13 17:02:59,201] root - INFO - if saved model folder has model the we will compare which model is best trained or the model from saved model folder
[2023-03-13 17:02:59,201] root - INFO - Finding location of transformer model and target encoder
[2023-03-13 17:02:59,201] root - INFO - Previous trained objects of transformer, model and target encoder
[2023-03-13 17:02:59,202] root - INFO - Currently trained model objects
[2023-03-13 17:02:59,213] root - INFO - Accuracy using previous trained model: 0.7399835711174618
[2023-03-13 17:02:59,218] root - INFO - Accuracy using current trained model: 0.738842163585537
[2023-03-13 17:02:59,218] root - INFO - Current trained model is not better than previous model
