[2023-03-13 16:19:14,273] root - INFO - Exporting collection data as pandas dataframe
[2023-03-13 16:19:14,273] root - INFO - Reading data from database: INSURANCE and collection: INSURANCE_PROJECT
[2023-03-13 16:19:14,364] root - INFO - Found columns: Index(['_id', 'age', 'sex', 'bmi', 'children', 'smoker', 'region', 'expenses'], dtype='object')
[2023-03-13 16:19:14,364] root - INFO - Dropping column: _id 
[2023-03-13 16:19:14,365] root - INFO - Row and columns in df: (4014, 7)
[2023-03-13 16:19:14,366] root - INFO - Save data in feature store
[2023-03-13 16:19:14,366] root - INFO - Create feature store folder if not available
[2023-03-13 16:19:14,367] root - INFO - Save df to feature store folder
[2023-03-13 16:19:14,385] root - INFO - split dataset into train and test set
[2023-03-13 16:19:14,387] root - INFO - create dataset directory folder if not available
[2023-03-13 16:19:14,387] root - INFO - Save df to feature store folder
[2023-03-13 16:19:14,404] root - INFO - Data ingestion artifact: DataIngestionArtifact(feature_store_file_path='/config/workspace/artifact/03132023__161914/data_ingestion/feature_store/insurance.csv', train_file_path='/config/workspace/artifact/03132023__161914/data_ingestion/dataset/train.csv', test_file_path='/config/workspace/artifact/03132023__161914/data_ingestion/dataset/test.csv')
[2023-03-13 16:19:14,404] root - INFO - Reading base dataframe
[2023-03-13 16:19:14,409] root - INFO - Replace na value in base df
[2023-03-13 16:19:14,409] root - INFO - Drop null values colums from base df
[2023-03-13 16:19:14,411] root - INFO - selecting column name which contains null above to 0.2
[2023-03-13 16:19:14,411] root - INFO - Columns to drop: []
[2023-03-13 16:19:14,412] root - INFO - Reading train dataframe
[2023-03-13 16:19:14,417] root - INFO - Reading test dataframe
[2023-03-13 16:19:14,422] root - INFO - selecting column name which contains null above to 0.2
[2023-03-13 16:19:14,423] root - INFO - Columns to drop: []
[2023-03-13 16:19:14,424] root - INFO - selecting column name which contains null above to 0.2
[2023-03-13 16:19:14,425] root - INFO - Columns to drop: []
[2023-03-13 16:19:14,429] root - INFO - Is all required columns present in train df
[2023-03-13 16:19:14,429] root - INFO - Is all required columns present in test df
[2023-03-13 16:19:14,429] root - INFO - As all column are available in train df hence detecting data drift
[2023-03-13 16:19:14,451] root - INFO - As all column are available in test df hence detecting data drift
[2023-03-13 16:19:14,463] root - INFO - Write reprt in yaml file
[2023-03-13 16:19:14,467] root - INFO - Data validation artifact: DataValidationArtifact(report_file_path='/config/workspace/artifact/03132023__161914/data_validation/report.yaml')
[2023-03-13 16:19:14,491] root - INFO - Entered the save_object method of utils
[2023-03-13 16:19:14,493] root - INFO - Exited the save_object method of utils
[2023-03-13 16:19:14,493] root - INFO - Entered the save_object method of utils
[2023-03-13 16:19:14,494] root - INFO - Exited the save_object method of utils
[2023-03-13 16:19:14,494] root - INFO - >>>>>>>>>>>>>>>>>>>>>>>>>>>>>>>>>>>>>>>> Model Trainer <<<<<<<<<<<<<<<<<<<<<<<<<<<<<<<<<<<<<<<<
[2023-03-13 16:19:14,494] root - INFO - Loading train and test array.
[2023-03-13 16:19:14,499] root - INFO - Splitting input and target feature from both train and test arr.
[2023-03-13 16:19:14,499] root - INFO - Train the model
[2023-03-13 16:19:14,502] root - INFO - Calculating f1 train score
[2023-03-13 16:19:14,507] root - INFO - Calculating f1 test score
[2023-03-13 16:19:14,508] root - INFO - train score:0.7523911285938183 and tests score 0.7424702182005143
[2023-03-13 16:19:14,508] root - INFO - Checking if our model is underfitting or not
[2023-03-13 16:19:14,508] root - INFO - Checking if our model is overfiiting or not
[2023-03-13 16:19:14,508] root - INFO - Saving mode object
[2023-03-13 16:19:14,508] root - INFO - Entered the save_object method of utils
[2023-03-13 16:19:14,510] root - INFO - Exited the save_object method of utils
[2023-03-13 16:19:14,510] root - INFO - Prepare the artifact
[2023-03-13 16:19:14,510] root - INFO - Model trainer artifact: ModelTrainerArtifact(model_path='/config/workspace/artifact/03132023__161914/model_trainer/model/model.pkl', r2_train_score=0.7523911285938183, r2_test_score=0.7424702182005143)
[2023-03-13 16:19:14,510] root - INFO - >>>>>>>>>>>>>>>>>>>>>>>>>>>>>>>>>>>>>>>>  Model Evaluation <<<<<<<<<<<<<<<<<<<<<<<<<<<<<<<<<<<<<<<<
[2023-03-13 16:19:14,510] root - INFO - if saved model folder has model the we will compare which model is best trained or the model from saved model folder
[2023-03-13 16:19:14,510] root - INFO - Model evaluation artifact: ModelEvaluationArtifact(is_model_accepted=True, improved_accuracy=None)
[2023-03-13 16:19:14,510] root - INFO - >>>>>>>>>>>>>>>>>>>>>>>>>>>>>>>>>>>>>>>> Data Transformation <<<<<<<<<<<<<<<<<<<<<<<<<<<<<<<<<<<<<<<<
[2023-03-13 16:19:14,511] root - INFO - Loading transformer model and target encoder
[2023-03-13 16:19:14,511] root - INFO - Saving model into model pusher directory
[2023-03-13 16:19:14,511] root - INFO - Entered the save_object method of utils
[2023-03-13 16:19:14,513] root - INFO - Exited the save_object method of utils
[2023-03-13 16:19:14,513] root - INFO - Entered the save_object method of utils
[2023-03-13 16:19:14,514] root - INFO - Exited the save_object method of utils
[2023-03-13 16:19:14,514] root - INFO - Entered the save_object method of utils
[2023-03-13 16:19:14,515] root - INFO - Exited the save_object method of utils
[2023-03-13 16:19:14,515] root - INFO - Saving model in saved model dir
[2023-03-13 16:19:14,515] root - INFO - Entered the save_object method of utils
[2023-03-13 16:19:14,525] root - INFO - Exited the save_object method of utils
[2023-03-13 16:19:14,525] root - INFO - Entered the save_object method of utils
[2023-03-13 16:19:14,528] root - INFO - Exited the save_object method of utils
[2023-03-13 16:19:14,528] root - INFO - Entered the save_object method of utils
[2023-03-13 16:19:14,530] root - INFO - Exited the save_object method of utils
[2023-03-13 16:19:14,530] root - INFO - Model pusher artifact: ModelPusherArtifact(pusher_model_dir='/config/workspace/artifact/03132023__161914/model_pusher/saved_models', saved_model_dir='saved_models')
