[2023-03-13 16:09:24,774] root - INFO - Exporting collection data as pandas dataframe
[2023-03-13 16:09:24,774] root - INFO - Reading data from database: INSURANCE and collection: INSURANCE_PROJECT
[2023-03-13 16:09:24,929] root - INFO - Found columns: Index(['_id', 'age', 'sex', 'bmi', 'children', 'smoker', 'region', 'expenses'], dtype='object')
[2023-03-13 16:09:24,929] root - INFO - Dropping column: _id 
[2023-03-13 16:09:24,931] root - INFO - Row and columns in df: (4014, 7)
[2023-03-13 16:09:24,931] root - INFO - Save data in feature store
[2023-03-13 16:09:24,932] root - INFO - Create feature store folder if not available
[2023-03-13 16:09:24,932] root - INFO - Save df to feature store folder
[2023-03-13 16:09:24,950] root - INFO - split dataset into train and test set
[2023-03-13 16:09:24,952] root - INFO - create dataset directory folder if not available
[2023-03-13 16:09:24,952] root - INFO - Save df to feature store folder
[2023-03-13 16:09:24,968] root - INFO - Data ingestion artifact: DataIngestionArtifact(feature_store_file_path='/config/workspace/artifact/03132023__160924/data_ingestion/feature_store/insurance.csv', train_file_path='/config/workspace/artifact/03132023__160924/data_ingestion/dataset/train.csv', test_file_path='/config/workspace/artifact/03132023__160924/data_ingestion/dataset/test.csv')
[2023-03-13 16:09:24,969] root - INFO - Reading base dataframe
[2023-03-13 16:09:24,975] root - INFO - Replace na value in base df
[2023-03-13 16:09:24,975] root - INFO - Drop null values colums from base df
[2023-03-13 16:09:24,976] root - INFO - selecting column name which contains null above to 0.2
[2023-03-13 16:09:24,977] root - INFO - Columns to drop: []
[2023-03-13 16:09:24,978] root - INFO - Reading train dataframe
[2023-03-13 16:09:24,982] root - INFO - Reading test dataframe
[2023-03-13 16:09:24,988] root - INFO - selecting column name which contains null above to 0.2
[2023-03-13 16:09:24,988] root - INFO - Columns to drop: []
[2023-03-13 16:09:24,990] root - INFO - selecting column name which contains null above to 0.2
[2023-03-13 16:09:24,990] root - INFO - Columns to drop: []
[2023-03-13 16:09:24,995] root - INFO - Is all required columns present in train df
[2023-03-13 16:09:24,995] root - INFO - Is all required columns present in test df
[2023-03-13 16:09:24,995] root - INFO - As all column are available in train df hence detecting data drift
[2023-03-13 16:09:25,019] root - INFO - As all column are available in test df hence detecting data drift
[2023-03-13 16:09:25,031] root - INFO - Write reprt in yaml file
[2023-03-13 16:09:25,035] root - INFO - Data validation artifact: DataValidationArtifact(report_file_path='/config/workspace/artifact/03132023__160924/data_validation/report.yaml')
