[2023-03-13 16:09:39,836] root - INFO - Exporting collection data as pandas dataframe
[2023-03-13 16:09:39,836] root - INFO - Reading data from database: INSURANCE and collection: INSURANCE_PROJECT
[2023-03-13 16:09:39,992] root - INFO - Found columns: Index(['_id', 'age', 'sex', 'bmi', 'children', 'smoker', 'region', 'expenses'], dtype='object')
[2023-03-13 16:09:39,993] root - INFO - Dropping column: _id 
[2023-03-13 16:09:39,994] root - INFO - Row and columns in df: (4014, 7)
[2023-03-13 16:09:39,994] root - INFO - Save data in feature store
[2023-03-13 16:09:39,995] root - INFO - Create feature store folder if not available
[2023-03-13 16:09:39,995] root - INFO - Save df to feature store folder
[2023-03-13 16:09:40,014] root - INFO - split dataset into train and test set
[2023-03-13 16:09:40,015] root - INFO - create dataset directory folder if not available
[2023-03-13 16:09:40,016] root - INFO - Save df to feature store folder
[2023-03-13 16:09:40,034] root - INFO - Data ingestion artifact: DataIngestionArtifact(feature_store_file_path='/config/workspace/artifact/03132023__160939/data_ingestion/feature_store/insurance.csv', train_file_path='/config/workspace/artifact/03132023__160939/data_ingestion/dataset/train.csv', test_file_path='/config/workspace/artifact/03132023__160939/data_ingestion/dataset/test.csv')
[2023-03-13 16:09:40,035] root - INFO - Reading base dataframe
[2023-03-13 16:09:40,040] root - INFO - Replace na value in base df
[2023-03-13 16:09:40,040] root - INFO - Drop null values colums from base df
[2023-03-13 16:09:40,042] root - INFO - selecting column name which contains null above to 0.2
[2023-03-13 16:09:40,042] root - INFO - Columns to drop: []
[2023-03-13 16:09:40,043] root - INFO - Reading train dataframe
[2023-03-13 16:09:40,048] root - INFO - Reading test dataframe
[2023-03-13 16:09:40,054] root - INFO - selecting column name which contains null above to 0.2
[2023-03-13 16:09:40,054] root - INFO - Columns to drop: []
[2023-03-13 16:09:40,056] root - INFO - selecting column name which contains null above to 0.2
[2023-03-13 16:09:40,056] root - INFO - Columns to drop: []
[2023-03-13 16:09:40,060] root - INFO - Is all required columns present in train df
[2023-03-13 16:09:40,060] root - INFO - Is all required columns present in test df
[2023-03-13 16:09:40,060] root - INFO - As all column are available in train df hence detecting data drift
[2023-03-13 16:09:40,083] root - INFO - As all column are available in test df hence detecting data drift
[2023-03-13 16:09:40,095] root - INFO - Write reprt in yaml file
[2023-03-13 16:09:40,099] root - INFO - Data validation artifact: DataValidationArtifact(report_file_path='/config/workspace/artifact/03132023__160939/data_validation/report.yaml')
