[2023-03-13 17:09:32,652] root - INFO - Exporting collection data as pandas dataframe
[2023-03-13 17:09:32,652] root - INFO - Reading data from database: INSURANCE and collection: INSURANCE_PROJECT
[2023-03-13 17:09:32,741] root - INFO - Found columns: Index(['_id', 'age', 'sex', 'bmi', 'children', 'smoker', 'region', 'expenses'], dtype='object')
[2023-03-13 17:09:32,742] root - INFO - Dropping column: _id 
[2023-03-13 17:09:32,743] root - INFO - Row and columns in df: (4014, 7)
[2023-03-13 17:09:32,743] root - INFO - Save data in feature store
[2023-03-13 17:09:32,744] root - INFO - Create feature store folder if not available
[2023-03-13 17:09:32,744] root - INFO - Save df to feature store folder
[2023-03-13 17:09:32,763] root - INFO - split dataset into train and test set
[2023-03-13 17:09:32,765] root - INFO - create dataset directory folder if not available
[2023-03-13 17:09:32,765] root - INFO - Save df to feature store folder
[2023-03-13 17:09:32,782] root - INFO - Data ingestion artifact: DataIngestionArtifact(feature_store_file_path='/config/workspace/artifact/03132023__170932/data_ingestion/feature_store/insurance.csv', train_file_path='/config/workspace/artifact/03132023__170932/data_ingestion/dataset/train.csv', test_file_path='/config/workspace/artifact/03132023__170932/data_ingestion/dataset/test.csv')
[2023-03-13 17:09:32,783] root - INFO - >>>>>>>>>>>>>>>>>>>>>>>>>>>>>>>>>>>>>>>> Data Validation <<<<<<<<<<<<<<<<<<<<<<<<<<<<<<<<<<<<<<<<
[2023-03-13 17:09:32,783] root - INFO - Reading base dataframe
[2023-03-13 17:09:32,788] root - INFO - Replace na value in base df
[2023-03-13 17:09:32,788] root - INFO - Drop null values colums from base df
[2023-03-13 17:09:32,790] root - INFO - selecting column name which contains null above to 0.2
[2023-03-13 17:09:32,791] root - INFO - Columns to drop: []
[2023-03-13 17:09:32,791] root - INFO - Reading train dataframe
[2023-03-13 17:09:32,797] root - INFO - Reading test dataframe
[2023-03-13 17:09:32,799] root - INFO - Drop null values colums from train df
[2023-03-13 17:09:32,802] root - INFO - selecting column name which contains null above to 0.2
[2023-03-13 17:09:32,802] root - INFO - Columns to drop: []
[2023-03-13 17:09:32,803] root - INFO - Drop null values colums from test df
[2023-03-13 17:09:32,804] root - INFO - selecting column name which contains null above to 0.2
[2023-03-13 17:09:32,805] root - INFO - Columns to drop: []
[2023-03-13 17:09:32,809] root - INFO - Is all required columns present in train df
[2023-03-13 17:09:32,809] root - INFO - Is all required columns present in test df
[2023-03-13 17:09:32,809] root - INFO - As all column are available in train df hence detecting data drift
[2023-03-13 17:09:32,809] root - INFO - Hypothesis age: float64, float64 
[2023-03-13 17:09:32,811] root - INFO - Hypothesis sex: object, object 
[2023-03-13 17:09:32,816] root - INFO - Hypothesis bmi: float64, float64 
[2023-03-13 17:09:32,817] root - INFO - Hypothesis children: float64, float64 
[2023-03-13 17:09:32,818] root - INFO - Hypothesis smoker: object, object 
[2023-03-13 17:09:32,825] root - INFO - Hypothesis region: object, object 
[2023-03-13 17:09:32,831] root - INFO - Hypothesis expenses: float64, float64 
[2023-03-13 17:09:32,832] root - INFO - As all column are available in test df hence detecting data drift
[2023-03-13 17:09:32,832] root - INFO - Hypothesis age: float64, float64 
[2023-03-13 17:09:32,833] root - INFO - Hypothesis sex: object, object 
[2023-03-13 17:09:32,836] root - INFO - Hypothesis bmi: float64, float64 
[2023-03-13 17:09:32,837] root - INFO - Hypothesis children: float64, float64 
[2023-03-13 17:09:32,838] root - INFO - Hypothesis smoker: object, object 
[2023-03-13 17:09:32,840] root - INFO - Hypothesis region: object, object 
[2023-03-13 17:09:32,843] root - INFO - Hypothesis expenses: float64, float64 
[2023-03-13 17:09:32,844] root - INFO - Write reprt in yaml file
[2023-03-13 17:09:32,849] root - INFO - Data validation artifact: DataValidationArtifact(report_file_path='/config/workspace/artifact/03132023__170932/data_validation/report.yaml')
[2023-03-13 17:09:32,849] root - INFO - >>>>>>>>>>>>>>>>>>>>>>>>>>>>>>>>>>>>>>>> Data Transformation <<<<<<<<<<<<<<<<<<<<<<<<<<<<<<<<<<<<<<<<
[2023-03-13 17:09:32,873] root - INFO - Entered the save_object method of utils
[2023-03-13 17:09:32,874] root - INFO - Exited the save_object method of utils
[2023-03-13 17:09:32,874] root - INFO - Entered the save_object method of utils
[2023-03-13 17:09:32,875] root - INFO - Exited the save_object method of utils
[2023-03-13 17:09:32,875] root - INFO - Data transformation object DataTransformationArtifact(transform_object_path='/config/workspace/artifact/03132023__170932/data_transformation/transformer/transformer.pkl', transformed_train_path='/config/workspace/artifact/03132023__170932/data_transformation/transformed/train.npz', transformed_test_path='/config/workspace/artifact/03132023__170932/data_transformation/transformed/test.npz', target_encoder_path='/config/workspace/artifact/03132023__170932/data_transformation/target_encoder/target_encoder.pkl')
[2023-03-13 17:09:32,875] root - INFO - >>>>>>>>>>>>>>>>>>>>>>>>>>>>>>>>>>>>>>>> Model Trainer <<<<<<<<<<<<<<<<<<<<<<<<<<<<<<<<<<<<<<<<
[2023-03-13 17:09:32,875] root - INFO - Loading train and test array.
[2023-03-13 17:09:32,880] root - INFO - Splitting input and target feature from both train and test arr.
[2023-03-13 17:09:32,880] root - INFO - Train the model
[2023-03-13 17:09:32,882] root - INFO - Calculating f1 train score
[2023-03-13 17:09:32,895] root - INFO - Calculating f1 test score
[2023-03-13 17:09:32,896] root - INFO - train score:0.7536308415529296 and tests score 0.738842163585537
[2023-03-13 17:09:32,896] root - INFO - Checking if our model is underfitting or not
[2023-03-13 17:09:32,896] root - INFO - Checking if our model is overfiiting or not
[2023-03-13 17:09:32,896] root - INFO - Saving mode object
[2023-03-13 17:09:32,896] root - INFO - Entered the save_object method of utils
[2023-03-13 17:09:32,898] root - INFO - Exited the save_object method of utils
[2023-03-13 17:09:32,898] root - INFO - Prepare the artifact
[2023-03-13 17:09:32,898] root - INFO - Model trainer artifact: ModelTrainerArtifact(model_path='/config/workspace/artifact/03132023__170932/model_trainer/model/model.pkl', r2_train_score=0.7536308415529296, r2_test_score=0.738842163585537)
[2023-03-13 17:09:32,898] root - INFO - >>>>>>>>>>>>>>>>>>>>>>>>>>>>>>>>>>>>>>>>  Model Evaluation <<<<<<<<<<<<<<<<<<<<<<<<<<<<<<<<<<<<<<<<
[2023-03-13 17:09:32,899] root - INFO - if saved model folder has model the we will compare which model is best trained or the model from saved model folder
[2023-03-13 17:09:32,899] root - INFO - Model evaluation artifact: ModelEvaluationArtifact(is_model_accepted=True, improved_accuracy=None)
[2023-03-13 17:09:32,899] root - INFO - >>>>>>>>>>>>>>>>>>>>>>>>>>>>>>>>>>>>>>>> Data Transformation <<<<<<<<<<<<<<<<<<<<<<<<<<<<<<<<<<<<<<<<
[2023-03-13 17:09:32,899] root - INFO - Loading transformer model and target encoder
[2023-03-13 17:09:32,900] root - INFO - Saving model into model pusher directory
[2023-03-13 17:09:32,900] root - INFO - Entered the save_object method of utils
[2023-03-13 17:09:32,902] root - INFO - Exited the save_object method of utils
[2023-03-13 17:09:32,902] root - INFO - Entered the save_object method of utils
[2023-03-13 17:09:32,903] root - INFO - Exited the save_object method of utils
[2023-03-13 17:09:32,903] root - INFO - Entered the save_object method of utils
[2023-03-13 17:09:32,904] root - INFO - Exited the save_object method of utils
[2023-03-13 17:09:32,905] root - INFO - Saving model in saved model dir
[2023-03-13 17:09:32,905] root - INFO - Entered the save_object method of utils
[2023-03-13 17:09:32,907] root - INFO - Exited the save_object method of utils
[2023-03-13 17:09:32,907] root - INFO - Entered the save_object method of utils
[2023-03-13 17:09:32,908] root - INFO - Exited the save_object method of utils
[2023-03-13 17:09:32,908] root - INFO - Entered the save_object method of utils
[2023-03-13 17:09:32,909] root - INFO - Exited the save_object method of utils
[2023-03-13 17:09:32,909] root - INFO - Model pusher artifact: ModelPusherArtifact(pusher_model_dir='/config/workspace/artifact/03132023__170932/model_pusher/saved_models', saved_model_dir='saved_models')
